<?xml version="1.0" encoding="UTF-8"?>
<testng-results skipped="0" failed="1" total="5" passed="4">
  <reporter-output>
  </reporter-output>
  <suite name="Suite" duration-ms="2964572" started-at="2019-01-08T06:15:28Z" finished-at="2019-01-08T07:04:52Z">
    <groups>
      <group name="SmokeTest">
        <method signature="RolesTest.createRoles()[pri:1, instance:com.vtiger.settings.RolesTest@573f2bb1]" name="createRoles" class="com.vtiger.settings.RolesTest"/>
      </group> <!-- SmokeTest -->
      <group name="RegressionTest">
        <method signature="RolesTest.EditRoleName()[pri:2, instance:com.vtiger.settings.RolesTest@573f2bb1]" name="EditRoleName" class="com.vtiger.settings.RolesTest"/>
        <method signature="RolesTest.EditRoleNameUsingEditButton()[pri:3, instance:com.vtiger.settings.RolesTest@573f2bb1]" name="EditRoleNameUsingEditButton" class="com.vtiger.settings.RolesTest"/>
        <method signature="RolesTest.EditRoleWithAddingNewProfile()[pri:5, instance:com.vtiger.settings.RolesTest@573f2bb1]" name="EditRoleWithAddingNewProfile" class="com.vtiger.settings.RolesTest"/>
        <method signature="RolesTest.EditRoleWithChangingProfileTest()[pri:4, instance:com.vtiger.settings.RolesTest@573f2bb1]" name="EditRoleWithChangingProfileTest" class="com.vtiger.settings.RolesTest"/>
      </group> <!-- RegressionTest -->
    </groups>
    <test name="Test" duration-ms="2964572" started-at="2019-01-08T06:15:28Z" finished-at="2019-01-08T07:04:52Z">
      <class name="com.vtiger.settings.RolesTest">
        <test-method status="PASS" signature="configBS()[pri:0, instance:com.vtiger.settings.RolesTest@573f2bb1]" name="configBS" is-config="true" duration-ms="20" started-at="2019-01-08T11:45:28Z" finished-at="2019-01-08T11:45:28Z">
          <reporter-output>
          </reporter-output>
        </test-method> <!-- configBS -->
        <test-method status="PASS" signature="configBC()[pri:0, instance:com.vtiger.settings.RolesTest@573f2bb1]" name="configBC" is-config="true" duration-ms="10982" started-at="2019-01-08T11:45:28Z" finished-at="2019-01-08T11:45:39Z">
          <reporter-output>
          </reporter-output>
        </test-method> <!-- configBC -->
        <test-method status="PASS" signature="configBM()[pri:0, instance:com.vtiger.settings.RolesTest@573f2bb1]" name="configBM" is-config="true" duration-ms="8184" started-at="2019-01-08T11:45:39Z" finished-at="2019-01-08T11:45:47Z">
          <reporter-output>
          </reporter-output>
        </test-method> <!-- configBM -->
        <test-method status="PASS" signature="createRoles()[pri:1, instance:com.vtiger.settings.RolesTest@573f2bb1]" name="createRoles" duration-ms="102284" started-at="2019-01-08T11:45:47Z" finished-at="2019-01-08T11:47:29Z">
          <reporter-output>
          </reporter-output>
        </test-method> <!-- createRoles -->
        <test-method status="PASS" signature="configAM()[pri:0, instance:com.vtiger.settings.RolesTest@573f2bb1]" name="configAM" is-config="true" duration-ms="310" started-at="2019-01-08T11:47:29Z" finished-at="2019-01-08T11:47:30Z">
          <reporter-output>
          </reporter-output>
        </test-method> <!-- configAM -->
        <test-method status="PASS" signature="configBM()[pri:0, instance:com.vtiger.settings.RolesTest@573f2bb1]" name="configBM" is-config="true" duration-ms="12077" started-at="2019-01-08T11:47:30Z" finished-at="2019-01-08T11:47:42Z">
          <reporter-output>
          </reporter-output>
        </test-method> <!-- configBM -->
        <test-method status="PASS" signature="EditRoleName()[pri:2, instance:com.vtiger.settings.RolesTest@573f2bb1]" name="EditRoleName" duration-ms="89510" started-at="2019-01-08T11:47:42Z" finished-at="2019-01-08T11:49:11Z">
          <reporter-output>
          </reporter-output>
        </test-method> <!-- EditRoleName -->
        <test-method status="PASS" signature="configAM()[pri:0, instance:com.vtiger.settings.RolesTest@573f2bb1]" name="configAM" is-config="true" duration-ms="300" started-at="2019-01-08T11:49:11Z" finished-at="2019-01-08T11:49:11Z">
          <reporter-output>
          </reporter-output>
        </test-method> <!-- configAM -->
        <test-method status="PASS" signature="configBM()[pri:0, instance:com.vtiger.settings.RolesTest@573f2bb1]" name="configBM" is-config="true" duration-ms="6779" started-at="2019-01-08T11:49:11Z" finished-at="2019-01-08T11:49:18Z">
          <reporter-output>
          </reporter-output>
        </test-method> <!-- configBM -->
        <test-method status="PASS" signature="EditRoleNameUsingEditButton()[pri:3, instance:com.vtiger.settings.RolesTest@573f2bb1]" name="EditRoleNameUsingEditButton" duration-ms="93226" started-at="2019-01-08T11:49:18Z" finished-at="2019-01-08T11:50:51Z">
          <reporter-output>
          </reporter-output>
        </test-method> <!-- EditRoleNameUsingEditButton -->
        <test-method status="PASS" signature="configAM()[pri:0, instance:com.vtiger.settings.RolesTest@573f2bb1]" name="configAM" is-config="true" duration-ms="314" started-at="2019-01-08T11:50:51Z" finished-at="2019-01-08T11:50:52Z">
          <reporter-output>
          </reporter-output>
        </test-method> <!-- configAM -->
        <test-method status="PASS" signature="configBM()[pri:0, instance:com.vtiger.settings.RolesTest@573f2bb1]" name="configBM" is-config="true" duration-ms="7084" started-at="2019-01-08T11:50:52Z" finished-at="2019-01-08T11:50:59Z">
          <reporter-output>
          </reporter-output>
        </test-method> <!-- configBM -->
        <test-method status="PASS" signature="EditRoleWithChangingProfileTest()[pri:4, instance:com.vtiger.settings.RolesTest@573f2bb1]" name="EditRoleWithChangingProfileTest" duration-ms="223885" started-at="2019-01-08T11:50:59Z" finished-at="2019-01-08T11:54:43Z">
          <reporter-output>
          </reporter-output>
        </test-method> <!-- EditRoleWithChangingProfileTest -->
        <test-method status="PASS" signature="configAM()[pri:0, instance:com.vtiger.settings.RolesTest@573f2bb1]" name="configAM" is-config="true" duration-ms="273" started-at="2019-01-08T11:54:43Z" finished-at="2019-01-08T11:54:43Z">
          <reporter-output>
          </reporter-output>
        </test-method> <!-- configAM -->
        <test-method status="PASS" signature="configBM()[pri:0, instance:com.vtiger.settings.RolesTest@573f2bb1]" name="configBM" is-config="true" duration-ms="6721" started-at="2019-01-08T11:54:43Z" finished-at="2019-01-08T11:54:50Z">
          <reporter-output>
          </reporter-output>
        </test-method> <!-- configBM -->
        <test-method status="FAIL" signature="EditRoleWithAddingNewProfile()[pri:5, instance:com.vtiger.settings.RolesTest@573f2bb1]" name="EditRoleWithAddingNewProfile" duration-ms="2389377" started-at="2019-01-08T11:54:50Z" finished-at="2019-01-08T12:34:39Z">
          <exception class="org.openqa.selenium.ElementNotVisibleException">
            <message>
              <![CDATA[Element is not currently visible and so may not be interacted with
Command duration or timeout: 2225.67 seconds
Build info: version: '2.53.1', revision: 'a36b8b1cd5757287168e54b817830adce9b0158d', time: '2016-06-30 19:26:09'
System info: host: 'Dell-PC', ip: '192.168.56.1', os.name: 'Windows 7', os.arch: 'amd64', os.version: '6.1', java.version: '1.8.0_181'
Driver info: org.openqa.selenium.firefox.FirefoxDriver
Capabilities [{applicationCacheEnabled=true, rotatable=false, handlesAlerts=true, databaseEnabled=true, version=45.0, platform=WINDOWS, nativeEvents=false, acceptSslCerts=true, webStorageEnabled=true, locationContextEnabled=true, browserName=firefox, takesScreenshot=true, javascriptEnabled=true, cssSelectorsEnabled=true}]
Session ID: 015a321a-e03b-4126-b311-cf6ce3fc5330]]>
            </message>
            <full-stacktrace>
              <![CDATA[org.openqa.selenium.ElementNotVisibleException: Element is not currently visible and so may not be interacted with
Command duration or timeout: 2225.67 seconds
Build info: version: '2.53.1', revision: 'a36b8b1cd5757287168e54b817830adce9b0158d', time: '2016-06-30 19:26:09'
System info: host: 'Dell-PC', ip: '192.168.56.1', os.name: 'Windows 7', os.arch: 'amd64', os.version: '6.1', java.version: '1.8.0_181'
Driver info: org.openqa.selenium.firefox.FirefoxDriver
Capabilities [{applicationCacheEnabled=true, rotatable=false, handlesAlerts=true, databaseEnabled=true, version=45.0, platform=WINDOWS, nativeEvents=false, acceptSslCerts=true, webStorageEnabled=true, locationContextEnabled=true, browserName=firefox, takesScreenshot=true, javascriptEnabled=true, cssSelectorsEnabled=true}]
Session ID: 015a321a-e03b-4126-b311-cf6ce3fc5330
	at sun.reflect.NativeConstructorAccessorImpl.newInstance0(Native Method)
	at sun.reflect.NativeConstructorAccessorImpl.newInstance(NativeConstructorAccessorImpl.java:62)
	at sun.reflect.DelegatingConstructorAccessorImpl.newInstance(DelegatingConstructorAccessorImpl.java:45)
	at java.lang.reflect.Constructor.newInstance(Constructor.java:423)
	at org.openqa.selenium.remote.ErrorHandler.createThrowable(ErrorHandler.java:206)
	at org.openqa.selenium.remote.ErrorHandler.throwIfResponseFailed(ErrorHandler.java:158)
	at org.openqa.selenium.remote.RemoteWebDriver.execute(RemoteWebDriver.java:678)
	at org.openqa.selenium.remote.RemoteWebElement.execute(RemoteWebElement.java:327)
	at org.openqa.selenium.remote.RemoteWebElement.click(RemoteWebElement.java:85)
	at com.vtiger.settings.RolesTest.EditRoleWithAddingNewProfile(RolesTest.java:1506)
	at sun.reflect.NativeMethodAccessorImpl.invoke0(Native Method)
	at sun.reflect.NativeMethodAccessorImpl.invoke(NativeMethodAccessorImpl.java:62)
	at sun.reflect.DelegatingMethodAccessorImpl.invoke(DelegatingMethodAccessorImpl.java:43)
	at java.lang.reflect.Method.invoke(Method.java:498)
	at org.testng.internal.MethodInvocationHelper.invokeMethod(MethodInvocationHelper.java:85)
	at org.testng.internal.Invoker.invokeMethod(Invoker.java:639)
	at org.testng.internal.Invoker.invokeTestMethod(Invoker.java:816)
	at org.testng.internal.Invoker.invokeTestMethods(Invoker.java:1124)
	at org.testng.internal.TestMethodWorker.invokeTestMethods(TestMethodWorker.java:125)
	at org.testng.internal.TestMethodWorker.run(TestMethodWorker.java:108)
	at org.testng.TestRunner.privateRun(TestRunner.java:774)
	at org.testng.TestRunner.run(TestRunner.java:624)
	at org.testng.SuiteRunner.runTest(SuiteRunner.java:359)
	at org.testng.SuiteRunner.runSequentially(SuiteRunner.java:354)
	at org.testng.SuiteRunner.privateRun(SuiteRunner.java:312)
	at org.testng.SuiteRunner.run(SuiteRunner.java:261)
	at org.testng.SuiteRunnerWorker.runSuite(SuiteRunnerWorker.java:52)
	at org.testng.SuiteRunnerWorker.run(SuiteRunnerWorker.java:86)
	at org.testng.TestNG.runSuitesSequentially(TestNG.java:1215)
	at org.testng.TestNG.runSuitesLocally(TestNG.java:1140)
	at org.testng.TestNG.run(TestNG.java:1048)
	at org.apache.maven.surefire.testng.TestNGExecutor.run(TestNGExecutor.java:283)
	at org.apache.maven.surefire.testng.TestNGXmlTestSuite.execute(TestNGXmlTestSuite.java:75)
	at org.apache.maven.surefire.testng.TestNGProvider.invoke(TestNGProvider.java:120)
	at org.apache.maven.surefire.booter.ForkedBooter.invokeProviderInSameClassLoader(ForkedBooter.java:384)
	at org.apache.maven.surefire.booter.ForkedBooter.runSuitesInProcess(ForkedBooter.java:345)
	at org.apache.maven.surefire.booter.ForkedBooter.execute(ForkedBooter.java:126)
	at org.apache.maven.surefire.booter.ForkedBooter.main(ForkedBooter.java:418)
Caused by: org.openqa.selenium.ElementNotVisibleException: Element is not currently visible and so may not be interacted with
Build info: version: '2.53.1', revision: 'a36b8b1cd5757287168e54b817830adce9b0158d', time: '2016-06-30 19:26:09'
System info: host: 'Dell-PC', ip: '192.168.56.1', os.name: 'Windows 7', os.arch: 'amd64', os.version: '6.1', java.version: '1.8.0_181'
Driver info: driver.version: unknown
	at <anonymous class>.fxdriver.preconditions.visible(file:///C:/Users/Dell/AppData/Local/Temp/anonymous3705843197471920146webdriver-profile/extensions/fxdriver@googlecode.com/components/command-processor.js:10092)
	at <anonymous class>.DelayedCommand.prototype.checkPreconditions_(file:///C:/Users/Dell/AppData/Local/Temp/anonymous3705843197471920146webdriver-profile/extensions/fxdriver@googlecode.com/components/command-processor.js:12644)
	at <anonymous class>.DelayedCommand.prototype.executeInternal_/h(file:///C:/Users/Dell/AppData/Local/Temp/anonymous3705843197471920146webdriver-profile/extensions/fxdriver@googlecode.com/components/command-processor.js:12661)
	at <anonymous class>.fxdriver.Timer.prototype.setTimeout/<.notify(file:///C:/Users/Dell/AppData/Local/Temp/anonymous3705843197471920146webdriver-profile/extensions/fxdriver@googlecode.com/components/command-processor.js:625)
]]>
            </full-stacktrace>
          </exception> <!-- org.openqa.selenium.ElementNotVisibleException -->
          <reporter-output>
          </reporter-output>
        </test-method> <!-- EditRoleWithAddingNewProfile -->
        <test-method status="PASS" signature="configAM()[pri:0, instance:com.vtiger.settings.RolesTest@573f2bb1]" name="configAM" is-config="true" duration-ms="4825" started-at="2019-01-08T12:34:40Z" finished-at="2019-01-08T12:34:44Z">
          <reporter-output>
          </reporter-output>
        </test-method> <!-- configAM -->
        <test-method status="PASS" signature="configAC()[pri:0, instance:com.vtiger.settings.RolesTest@573f2bb1]" name="configAC" is-config="true" duration-ms="7835" started-at="2019-01-08T12:34:44Z" finished-at="2019-01-08T12:34:52Z">
          <reporter-output>
          </reporter-output>
        </test-method> <!-- configAC -->
        <test-method status="FAIL" signature="configAS()[pri:0, instance:com.vtiger.settings.RolesTest@573f2bb1]" name="configAS" is-config="true" duration-ms="0" started-at="2019-01-08T12:34:52Z" finished-at="2019-01-08T12:34:52Z">
          <exception class="java.io.FileNotFoundException">
            <message>
              <![CDATA[Source '.\test-output\emailable-report.html' does not exist]]>
            </message>
            <full-stacktrace>
              <![CDATA[java.io.FileNotFoundException: Source '.\test-output\emailable-report.html' does not exist
	at org.apache.commons.io.FileUtils.copyFile(FileUtils.java:1074)
	at org.apache.commons.io.FileUtils.copyFile(FileUtils.java:1038)
	at com.vtiger.genericlib.BaseClass.configAS(BaseClass.java:47)
	at sun.reflect.NativeMethodAccessorImpl.invoke0(Native Method)
	at sun.reflect.NativeMethodAccessorImpl.invoke(NativeMethodAccessorImpl.java:62)
	at sun.reflect.DelegatingMethodAccessorImpl.invoke(DelegatingMethodAccessorImpl.java:43)
	at java.lang.reflect.Method.invoke(Method.java:498)
	at org.testng.internal.MethodInvocationHelper.invokeMethod(MethodInvocationHelper.java:85)
	at org.testng.internal.Invoker.invokeConfigurationMethod(Invoker.java:510)
	at org.testng.internal.Invoker.invokeConfigurations(Invoker.java:211)
	at org.testng.internal.Invoker.invokeConfigurations(Invoker.java:138)
	at org.testng.SuiteRunner.privateRun(SuiteRunner.java:329)
	at org.testng.SuiteRunner.run(SuiteRunner.java:261)
	at org.testng.SuiteRunnerWorker.runSuite(SuiteRunnerWorker.java:52)
	at org.testng.SuiteRunnerWorker.run(SuiteRunnerWorker.java:86)
	at org.testng.TestNG.runSuitesSequentially(TestNG.java:1215)
	at org.testng.TestNG.runSuitesLocally(TestNG.java:1140)
	at org.testng.TestNG.run(TestNG.java:1048)
	at org.apache.maven.surefire.testng.TestNGExecutor.run(TestNGExecutor.java:283)
	at org.apache.maven.surefire.testng.TestNGXmlTestSuite.execute(TestNGXmlTestSuite.java:75)
	at org.apache.maven.surefire.testng.TestNGProvider.invoke(TestNGProvider.java:120)
	at org.apache.maven.surefire.booter.ForkedBooter.invokeProviderInSameClassLoader(ForkedBooter.java:384)
	at org.apache.maven.surefire.booter.ForkedBooter.runSuitesInProcess(ForkedBooter.java:345)
	at org.apache.maven.surefire.booter.ForkedBooter.execute(ForkedBooter.java:126)
	at org.apache.maven.surefire.booter.ForkedBooter.main(ForkedBooter.java:418)
]]>
            </full-stacktrace>
          </exception> <!-- java.io.FileNotFoundException -->
          <reporter-output>
          </reporter-output>
        </test-method> <!-- configAS -->
      </class> <!-- com.vtiger.settings.RolesTest -->
    </test> <!-- Test -->
  </suite> <!-- Suite -->
</testng-results>
